app/build/intermediates/manifest_merge_blame_file/debug/processDebugMainManifest/manifest-merger-blame-debug-report.txt
1<?xml version="1.0" encoding="utf-8"?>
2<manifest xmlns:android="http://schemas.android.com/apk/res/android"
3    package="local.pushplus.history.app"
4    android:versionCode="2"
5    android:versionName="1.0" >
6
7    <uses-sdk
7-->src\main\AndroidManifest.xml:2:5-74
8        android:minSdkVersion="23"
8-->src\main\AndroidManifest.xml:2:15-41
9        android:targetSdkVersion="36" />
9-->src\main\AndroidManifest.xml:2:42-71
10
11    <uses-permission android:name="android.permission.INTERNET" />
11-->src\main\AndroidManifest.xml:3:5-67
11-->src\main\AndroidManifest.xml:3:22-64
12    <uses-permission android:name="android.permission.RECEIVE_BOOT_COMPLETED" />
12-->src\main\AndroidManifest.xml:4:5-81
12-->src\main\AndroidManifest.xml:4:22-78
13    <uses-permission android:name="android.permission.POST_NOTIFICATIONS" />
13-->src\main\AndroidManifest.xml:5:5-77
13-->src\main\AndroidManifest.xml:5:22-74
14
15    <application
15-->src\main\AndroidManifest.xml:7:5-28:19
16        android:allowBackup="false"
16-->src\main\AndroidManifest.xml:8:9-36
17        android:debuggable="true"
18        android:extractNativeLibs="false"
19        android:icon="@mipmap/ic_launcher"
19-->src\main\AndroidManifest.xml:9:9-43
20        android:label="@string/app_name"
20-->src\main\AndroidManifest.xml:10:9-41
21        android:supportsRtl="true"
21-->src\main\AndroidManifest.xml:11:9-35
22        android:theme="@style/AppTheme" >
22-->src\main\AndroidManifest.xml:12:9-40
23        <activity
23-->src\main\AndroidManifest.xml:13:9-21:20
24            android:name="local.pushplus.history.MainActivity"
24-->src\main\AndroidManifest.xml:14:13-63
25            android:configChanges="keyboardHidden|orientation|screenSize"
25-->src\main\AndroidManifest.xml:15:13-74
26            android:exported="true" >
26-->src\main\AndroidManifest.xml:16:13-36
27            <intent-filter>
27-->src\main\AndroidManifest.xml:17:13-20:29
28                <action android:name="android.intent.action.MAIN" />
28-->src\main\AndroidManifest.xml:18:17-69
28-->src\main\AndroidManifest.xml:18:25-66
29
30                <category android:name="android.intent.category.LAUNCHER" />
30-->src\main\AndroidManifest.xml:19:17-77
30-->src\main\AndroidManifest.xml:19:27-74
31            </intent-filter>
32        </activity>
33
34        <receiver
34-->src\main\AndroidManifest.xml:22:9-93
35            android:name="local.pushplus.history.AutoSync"
35-->src\main\AndroidManifest.xml:22:19-65
36            android:exported="false" />
36-->src\main\AndroidManifest.xml:22:66-90
37        <receiver
37-->src\main\AndroidManifest.xml:23:9-27:20
38            android:name="local.pushplus.history.BootReceiver"
38-->src\main\AndroidManifest.xml:23:19-69
39            android:exported="false" >
39-->src\main\AndroidManifest.xml:23:70-94
40            <intent-filter>
40-->src\main\AndroidManifest.xml:24:13-26:29
41                <action android:name="android.intent.action.BOOT_COMPLETED" />
41-->src\main\AndroidManifest.xml:25:17-79
41-->src\main\AndroidManifest.xml:25:25-76
42            </intent-filter>
43        </receiver>
44    </application>
45
46</manifest>